<?xml version="1.0" encoding="utf-8" standalone="no"?>
<test-results xmlns:xsi="http://www.w3.org/2001/XMLSchema-instance" xsi:noNamespaceSchemaLocation="nunit_schema_2.5.xsd" name="Pester" total="10" errors="0" failures="4" not-run="0" inconclusive="0" ignored="0" skipped="0" invalid="0" date="2025-05-14" time="22:37:18">
  <environment clr-version="4.0.30319.42000" user-domain="BAXIT" cwd="E:\securebydefault" platform="Microsoft Windows 11 Enterprise|C:\WINDOWS|\Device\Harddisk0\Partition3" machine-name="TBOX1" nunit-version="2.5.8.0" os-version="10.0.26100" user="SYSTEM" />
  <culture-info current-culture="en-US" current-uiculture="en-US" />
  <test-suite type="TestFixture" name="Pester" executed="True" result="Failure" success="False" time="2.0843" asserts="0" description="Pester">
    <results>
      <test-suite type="TestFixture" name="E:\securebydefault\tests\unit\SecureBootstrap.Tests.ps1" executed="True" result="Failure" success="False" time="1.9285" asserts="0" description="E:\securebydefault\tests\unit\SecureBootstrap.Tests.ps1">
        <results>
          <test-suite type="TestFixture" name="SecureBootstrap Module" executed="True" result="Failure" success="False" time="0.1237" asserts="0" description="SecureBootstrap Module">
            <results>
              <test-suite type="TestFixture" name="SecureBootstrap Module.Module Path Resolution" executed="True" result="Failure" success="False" time="0.0313" asserts="0" description="SecureBootstrap Module.Module Path Resolution">
                <results>
                  <test-case description="Should resolve module path correctly" name="SecureBootstrap Module.Module Path Resolution.Should resolve module path correctly" time="0.0118" asserts="0" success="False" result="Failure" executed="True">
                    <failure>
                      <message>ParameterBindingValidationException: Cannot bind argument to parameter 'Path' because it is null.</message>
                      <stack-trace>at &lt;ScriptBlock&gt;, E:\securebydefault\tests\unit\SecureBootstrap.Tests.ps1:36</stack-trace>
                    </failure>
                  </test-case>
                  <test-case description="Should have valid module manifest" name="SecureBootstrap Module.Module Path Resolution.Should have valid module manifest" time="0.0096" asserts="0" success="False" result="Failure" executed="True">
                    <failure>
                      <message>ParameterBindingValidationException: Cannot bind argument to parameter 'Path' because it is null.</message>
                      <stack-trace>at Import-PowerShellDataFile&lt;Process&gt;, C:\WINDOWS\system32\WindowsPowerShell\v1.0\Modules\Microsoft.PowerShell.Utility\Microsoft.PowerShell.Utility.psm1:544
at &lt;ScriptBlock&gt;, E:\securebydefault\tests\unit\SecureBootstrap.Tests.ps1:40</stack-trace>
                    </failure>
                  </test-case>
                </results>
              </test-suite>
              <test-suite type="TestFixture" name="SecureBootstrap Module.Module Loading" executed="True" result="Failure" success="False" time="0.1169" asserts="0" description="SecureBootstrap Module.Module Loading">
                <results>
                  <test-case description="Should import successfully" name="SecureBootstrap Module.Module Loading.Should import successfully" time="0.0157" asserts="0" success="False" result="Failure" executed="True">
                    <failure>
                      <message>Expected no exception to be thrown, but an exception "Cannot bind argument to parameter 'Name' because it is null." was thrown from E:\securebydefault\tests\unit\SecureBootstrap.Tests.ps1:53 char:29
    +             { Import-Module $modulePath -Force -ErrorAction Stop } |  ...
    +                             ~~~~~~~~~~~.</message>
                      <stack-trace>at { Import-Module $modulePath -Force -ErrorAction Stop } | Should -Not -Throw, E:\securebydefault\tests\unit\SecureBootstrap.Tests.ps1:53
at &lt;ScriptBlock&gt;, E:\securebydefault\tests\unit\SecureBootstrap.Tests.ps1:53</stack-trace>
                    </failure>
                  </test-case>
                  <test-case description="Should not export private functions" name="SecureBootstrap Module.Module Loading.Should not export private functions" time="0.0267" asserts="0" success="True" result="Success" executed="True" />
                  <test-case description="Should export Write-CursorPromptLog function" name="SecureBootstrap Module.Module Loading.Should export Write-CursorPromptLog function" time="0.0341" asserts="0" success="False" result="Failure" executed="True">
                    <failure>
                      <message>Expected a value, but got $null or empty.</message>
                      <stack-trace>at Get-Command Write-CursorPromptLog -ErrorAction SilentlyContinue | Should -Not -BeNullOrEmpty, E:\securebydefault\tests\unit\SecureBootstrap.Tests.ps1:64
at &lt;ScriptBlock&gt;, E:\securebydefault\tests\unit\SecureBootstrap.Tests.ps1:64</stack-trace>
                    </failure>
                  </test-case>
                </results>
              </test-suite>
            </results>
          </test-suite>
        </results>
      </test-suite>
      <test-suite type="TestFixture" name="E:\securebydefault\tests\unit\Test-WriteCursorPromptLog.Tests.ps1" executed="True" result="Success" success="True" time="0.1559" asserts="0" description="E:\securebydefault\tests\unit\Test-WriteCursorPromptLog.Tests.ps1">
        <results>
          <test-suite type="TestFixture" name="Write-CursorPromptLog" executed="True" result="Success" success="True" time="0.0821" asserts="0" description="Write-CursorPromptLog">
            <results>
              <test-suite type="TestFixture" name="Write-CursorPromptLog.Function Loading" executed="True" result="Success" success="True" time="0.0282" asserts="0" description="Write-CursorPromptLog.Function Loading">
                <results>
                  <test-case description="Should load without Export-ModuleMember errors" name="Write-CursorPromptLog.Function Loading.Should load without Export-ModuleMember errors" time="0.0143" asserts="0" success="True" result="Success" executed="True" />
                  <test-case description="Should be available in the session" name="Write-CursorPromptLog.Function Loading.Should be available in the session" time="0.0065" asserts="0" success="True" result="Success" executed="True" />
                </results>
              </test-suite>
              <test-suite type="TestFixture" name="Write-CursorPromptLog.Logging Behavior" executed="True" result="Success" success="True" time="0.069" asserts="0" description="Write-CursorPromptLog.Logging Behavior">
                <results>
                  <test-case description="Should create log file if it doesn't exist" name="Write-CursorPromptLog.Logging Behavior.Should create log file if it doesn't exist" time="0.0111" asserts="0" success="True" result="Success" executed="True" />
                  <test-case description="Should append messages with timestamps" name="Write-CursorPromptLog.Logging Behavior.Should append messages with timestamps" time="0.011" asserts="0" success="True" result="Success" executed="True" />
                  <test-case description="Should support positional parameters" name="Write-CursorPromptLog.Logging Behavior.Should support positional parameters" time="0.0105" asserts="0" success="True" result="Success" executed="True" />
                </results>
              </test-suite>
            </results>
          </test-suite>
        </results>
      </test-suite>
    </results>
  </test-suite>
</test-results>